<?xml version="1.0" encoding="UTF-8"?>
<!-- Generated by org.testng.reporters.JUnitReportReporter -->
<testsuite skipped="0" hostname="MSI" name="com.learnautomation.testcases.Test" tests="1" failures="0" timestamp="2022-08-17T19:54:40 IST" time="0.009" errors="0">
  <testcase name="test" time="0.009" classname="com.learnautomation.testcases.Test"/>
  <system-out/>
</testsuite> <!-- com.learnautomation.testcases.Test -->
